Using pre-set license
Built from '2020.3/release' branch; Version is '2020.3.12f1 (b3b2c6512326) revision 11776710'; Using compiler version '192528614'; Build Type 'Release'
OS: 'Windows 10 Pro; OS build 19043.1826; Version 2009; 64bit' Language: 'fr' Physical Memory: 16300 MB
BatchMode: 1, IsHumanControllingUs: 0, StartBugReporterOnCrash: 0, Is64bit: 1, IsPro: 0

 COMMAND LINE ARGUMENTS:
C:\Program Files\Unity\Hub\Editor\2020.3.12f1\Editor\Unity.exe
-adb2
-batchMode
-noUpm
-name
AssetImportWorker0
-projectPath
D:/Formations2020/stage magnolia
-logFile
Logs/AssetImportWorker0.log
-srvPort
57752
Successfully changed project path to: D:/Formations2020/stage magnolia
D:/Formations2020/stage magnolia
Using Asset Import Pipeline V2.
Refreshing native plugins compatible for Editor in 115.21 ms, found 2 plugins.
Preloading 0 native plugins for Editor in 0.00 ms.
Initialize engine version: 2020.3.12f1 (b3b2c6512326)
[Subsystems] Discovering subsystems at path C:/Program Files/Unity/Hub/Editor/2020.3.12f1/Editor/Data/Resources/UnitySubsystems
[Subsystems] Discovering subsystems at path D:/Formations2020/stage magnolia/Assets
GfxDevice: creating device client; threaded=0
Direct3D:
    Version:  Direct3D 11.0 [level 11.1]
    Renderer: Radeon(TM) 520 (ID=0x6660)
    Vendor:   
    VRAM:     2039 MB
    Driver:   21.19.412.1280
Initialize mono
Mono path[0] = 'C:/Program Files/Unity/Hub/Editor/2020.3.12f1/Editor/Data/Managed'
Mono path[1] = 'C:/Program Files/Unity/Hub/Editor/2020.3.12f1/Editor/Data/MonoBleedingEdge/lib/mono/unityjit'
Mono config path = 'C:/Program Files/Unity/Hub/Editor/2020.3.12f1/Editor/Data/MonoBleedingEdge/etc'
Using monoOptions --debugger-agent=transport=dt_socket,embedding=1,server=y,suspend=n,address=127.0.0.1:56440
Begin MonoManager ReloadAssembly
Registering precompiled unity dll's ...
Register platform support module: C:/Program Files/Unity/Hub/Editor/2020.3.12f1/Editor/Data/PlaybackEngines/WindowsStandaloneSupport/UnityEditor.WindowsStandalone.Extensions.dll
Registered in 0.003964 seconds.
Native extension for WindowsStandalone target not found
Refreshing native plugins compatible for Editor in 78.03 ms, found 2 plugins.
Preloading 0 native plugins for Editor in 0.00 ms.
Mono: successfully reloaded assembly
- Completed reload, in  2.245 seconds
Platform modules already initialized, skipping
Registering precompiled user dll's ...
Registered in 0.015191 seconds.
Begin MonoManager ReloadAssembly
Native extension for WindowsStandalone target not found
Refreshing native plugins compatible for Editor in 0.60 ms, found 2 plugins.
Preloading 0 native plugins for Editor in 0.00 ms.
Mono: successfully reloaded assembly
- Completed reload, in  1.692 seconds
Platform modules already initialized, skipping
========================================================================
Worker process is ready to serve import requests
Launched and connected shader compiler UnityShaderCompiler.exe after 0.06 seconds
Refreshing native plugins compatible for Editor in 0.67 ms, found 2 plugins.
Preloading 0 native plugins for Editor in 0.00 ms.
Unloading 1786 Unused Serialized files (Serialized files now loaded: 0)
System memory in use before: 100.9 MB.
System memory in use after: 101.0 MB.

Unloading 35 unused Assets to reduce memory usage. Loaded Objects now: 2280.
Total: 2.780300 ms (FindLiveObjects: 0.204000 ms CreateObjectMapping: 0.125800 ms MarkObjects: 2.283100 ms  DeleteObjects: 0.166200 ms)

AssetImportParameters requested are different than current active one (requested -> active):
  custom:framework-win-MediaFoundation: 216162199b28c13a410421893ffa2e32 -> 
  custom:video-decoder-ogg-theora: a1e56fd34408186e4bbccfd4996cb3dc -> 
  custom:container-muxer-webm: aa71ff27fc2769a1b78a27578f13a17b -> 
  custom:container-demuxer-webm: 4f35f7cbe854078d1ac9338744f61a02 -> 
  custom:container-demuxer-ogg: 62fdf1f143b41e24485cea50d1cbac27 -> 
  custom:video-encoder-webm-vp8: eb34c28f22e8b96e1ab97ce403110664 -> 
  custom:video-decoder-webm-vp8: 9c59270c3fd7afecdb556c50c9e8de78 -> 
  custom:audio-decoder-ogg-vorbis: bf7c407c2cedff20999df2af8eb42d56 -> 
  custom:audio-encoder-webm-vorbis: bf7c407c2cedff20999df2af8eb42d56 -> 
========================================================================
Received Import Request.
  path: Assets/Parse/Plugins
  artifactKey: Guid(62c6899f92a54c545aa103626b675ca6) Importer(815301076,1909f56bfc062723c751e8b465ee728b)
Start importing Assets/Parse/Plugins using Guid(62c6899f92a54c545aa103626b675ca6) Importer(815301076,1909f56bfc062723c751e8b465ee728b)  -> (artifact id: '05f60b83fbcba23882998ab692306196') in 0.246540 seconds 
  Import took 0.254930 seconds .

========================================================================
Received Import Request.
  Time since last request: 0.092722 seconds.
  path: Assets/Parse
  artifactKey: Guid(3de18e9024a142149bd7dfad98e00d6d) Importer(815301076,1909f56bfc062723c751e8b465ee728b)
Start importing Assets/Parse using Guid(3de18e9024a142149bd7dfad98e00d6d) Importer(815301076,1909f56bfc062723c751e8b465ee728b)  -> (artifact id: '0e1fb8ff7351bc922e4041ed64564d88') in 0.014171 seconds 
  Import took 0.024130 seconds .

========================================================================
Received Import Request.
  Time since last request: 0.000345 seconds.
  path: Assets/Parse/Plugins/Unity.Compat.dll
  artifactKey: Guid(015ef18e20f24535830f59eda9e70830) Importer(815301076,1909f56bfc062723c751e8b465ee728b)
Start importing Assets/Parse/Plugins/Unity.Compat.dll using Guid(015ef18e20f24535830f59eda9e70830) Importer(815301076,1909f56bfc062723c751e8b465ee728b)  -> (artifact id: 'f285d3d9bab36507410901f193ce7c70') in 0.247106 seconds 
  Import took 0.260253 seconds .

========================================================================
Received Import Request.
  Time since last request: 0.000240 seconds.
  path: Assets/Parse/Plugins/dotNet45
  artifactKey: Guid(0e05138dcf1b62d41aa1630804ff4537) Importer(815301076,1909f56bfc062723c751e8b465ee728b)
Start importing Assets/Parse/Plugins/dotNet45 using Guid(0e05138dcf1b62d41aa1630804ff4537) Importer(815301076,1909f56bfc062723c751e8b465ee728b)  -> (artifact id: '06195b9d9f1e13ddb27fe526afd2e050') in 0.007494 seconds 
  Import took 0.013710 seconds .

========================================================================
Received Import Request.
  Time since last request: 45.484931 seconds.
  path: Assets/cercle.jpg
  artifactKey: Guid(652ebb46c33842d4fb2360a1104bc9a4) Importer(815301076,1909f56bfc062723c751e8b465ee728b)
Start importing Assets/cercle.jpg using Guid(652ebb46c33842d4fb2360a1104bc9a4) Importer(815301076,1909f56bfc062723c751e8b465ee728b)  -> (artifact id: '4a3752adad27b5cc7d4e1b8fd24f11ea') in 1.905087 seconds 
  Import took 1.967078 seconds .

========================================================================
Received Import Request.
  Time since last request: 0.000257 seconds.
  path: Assets/name 1.png
  artifactKey: Guid(a54302995d3ff4841939341963fdc4e1) Importer(815301076,1909f56bfc062723c751e8b465ee728b)
Start importing Assets/name 1.png using Guid(a54302995d3ff4841939341963fdc4e1) Importer(815301076,1909f56bfc062723c751e8b465ee728b)  -> (artifact id: 'fa0ebe588b16dfa95e4fbb404631f83e') in 0.406955 seconds 
  Import took 0.411801 seconds .

========================================================================
Received Import Request.
  Time since last request: 0.000089 seconds.
  path: Assets/palette.png
  artifactKey: Guid(56e8dee4d6e47454ba926bd2cd327d6d) Importer(815301076,1909f56bfc062723c751e8b465ee728b)
Start importing Assets/palette.png using Guid(56e8dee4d6e47454ba926bd2cd327d6d) Importer(815301076,1909f56bfc062723c751e8b465ee728b)  -> (artifact id: '98a84e4b3c6df41193968a89a6fd6719') in 0.021185 seconds 
  Import took 0.027159 seconds .

========================================================================
Received Import Request.
  Time since last request: 0.000261 seconds.
  path: Assets/rect.png
  artifactKey: Guid(e6e496ba3712ff9409bd64c7b9532ead) Importer(815301076,1909f56bfc062723c751e8b465ee728b)
Start importing Assets/rect.png using Guid(e6e496ba3712ff9409bd64c7b9532ead) Importer(815301076,1909f56bfc062723c751e8b465ee728b)  -> (artifact id: '28a1338653575b082dfd9835f65076b7') in 0.044805 seconds 
  Import took 0.053302 seconds .

========================================================================
Received Import Request.
  Time since last request: 0.000261 seconds.
  path: Assets/New Terrain.asset
  artifactKey: Guid(30412f1d7d3edef4f83a9d085026bccb) Importer(815301076,1909f56bfc062723c751e8b465ee728b)
Start importing Assets/New Terrain.asset using Guid(30412f1d7d3edef4f83a9d085026bccb) Importer(815301076,1909f56bfc062723c751e8b465ee728b)  -> (artifact id: 'd8426dcf7399c3a70a745f8a072c6e56') in 0.158959 seconds 
  Import took 0.165625 seconds .

========================================================================
Received Import Request.
  Time since last request: 0.000382 seconds.
  path: Assets/name.png
  artifactKey: Guid(50a7038e3c11c7048b29351d0939ee18) Importer(815301076,1909f56bfc062723c751e8b465ee728b)
Start importing Assets/name.png using Guid(50a7038e3c11c7048b29351d0939ee18) Importer(815301076,1909f56bfc062723c751e8b465ee728b)  -> (artifact id: '9f38a74daa14d49edbeaa2454ed69410') in 0.053476 seconds 
  Import took 0.057539 seconds .

========================================================================
Received Import Request.
  Time since last request: 0.000297 seconds.
  path: Assets/panel.png
  artifactKey: Guid(138b81ddae9c01d4b9288ba8153aedc9) Importer(815301076,1909f56bfc062723c751e8b465ee728b)
Start importing Assets/panel.png using Guid(138b81ddae9c01d4b9288ba8153aedc9) Importer(815301076,1909f56bfc062723c751e8b465ee728b)  -> (artifact id: 'f4c19b1b8bb84c27f8a4b811e56122bd') in 0.231895 seconds 
  Import took 0.308918 seconds .

========================================================================
Received Import Request.
  Time since last request: 0.000332 seconds.
  path: Assets/New Terrain 1.asset
  artifactKey: Guid(5c793aa7cc5015d4a8395e7878e6ec5f) Importer(815301076,1909f56bfc062723c751e8b465ee728b)
Start importing Assets/New Terrain 1.asset using Guid(5c793aa7cc5015d4a8395e7878e6ec5f) Importer(815301076,1909f56bfc062723c751e8b465ee728b)  -> (artifact id: '4f2b216130337a8280eebc414ba22ae4') in 0.031709 seconds 
  Import took 0.048875 seconds .

========================================================================
Received Import Request.
  Time since last request: 0.007222 seconds.
  path: Assets/New Terrain 1.asset
  artifactKey: Guid(5c793aa7cc5015d4a8395e7878e6ec5f) Importer(815301076,1909f56bfc062723c751e8b465ee728b)
Start importing Assets/New Terrain 1.asset using Guid(5c793aa7cc5015d4a8395e7878e6ec5f) Importer(815301076,1909f56bfc062723c751e8b465ee728b)  -> (artifact id: '4f2b216130337a8280eebc414ba22ae4') in 0.036047 seconds 
  Import took 0.040001 seconds .

========================================================================
Received Import Request.
  Time since last request: 1.454919 seconds.
  path: Assets/rectangle 1.png
  artifactKey: Guid(d433b92c53ddaae4f9a05017fc8d881e) Importer(815301076,1909f56bfc062723c751e8b465ee728b)
Start importing Assets/rectangle 1.png using Guid(d433b92c53ddaae4f9a05017fc8d881e) Importer(815301076,1909f56bfc062723c751e8b465ee728b)  -> (artifact id: '3a99996ecf5367d6d96b2d4384fbe234') in 0.108243 seconds 
  Import took 0.112677 seconds .

========================================================================
Received Import Request.
  Time since last request: 0.000274 seconds.
  path: Assets/TerrainData_aa4c967c-fa10-49cc-83b0-1c6a2f986f02.asset
  artifactKey: Guid(7fb2dc624728acc468cf7221736d1c56) Importer(815301076,1909f56bfc062723c751e8b465ee728b)
Start importing Assets/TerrainData_aa4c967c-fa10-49cc-83b0-1c6a2f986f02.asset using Guid(7fb2dc624728acc468cf7221736d1c56) Importer(815301076,1909f56bfc062723c751e8b465ee728b)  -> (artifact id: '4eb4ce9fd2cb80790370d9b0a31e9459') in 0.023152 seconds 
  Import took 0.028293 seconds .

========================================================================
Received Import Request.
  Time since last request: 0.001095 seconds.
  path: Assets/TerrainData_f91803a0-f8fc-445b-ab6e-bc1a8de32726.asset
  artifactKey: Guid(69bfdba79a351ba49ab487470610f21d) Importer(815301076,1909f56bfc062723c751e8b465ee728b)
Start importing Assets/TerrainData_f91803a0-f8fc-445b-ab6e-bc1a8de32726.asset using Guid(69bfdba79a351ba49ab487470610f21d) Importer(815301076,1909f56bfc062723c751e8b465ee728b)  -> (artifact id: '1952249f67e78129be9ec18c61536fb1') in 0.020856 seconds 
  Import took 0.028042 seconds .

========================================================================
Received Import Request.
  Time since last request: 0.000286 seconds.
  path: Assets/TerrainData_833f865b-b7b5-421c-873c-21e31f611951.asset
  artifactKey: Guid(2e42b69c808d1a64a92fb8c3d87d78c7) Importer(815301076,1909f56bfc062723c751e8b465ee728b)
Start importing Assets/TerrainData_833f865b-b7b5-421c-873c-21e31f611951.asset using Guid(2e42b69c808d1a64a92fb8c3d87d78c7) Importer(815301076,1909f56bfc062723c751e8b465ee728b)  -> (artifact id: '85197ce9069dc7bc7f8e4630ebfcd2b8') in 0.016781 seconds 
  Import took 0.022510 seconds .

========================================================================
Received Import Request.
  Time since last request: 0.000296 seconds.
  path: Assets/rectangle.png
  artifactKey: Guid(301d22d89ef34184c9dde6682857ed66) Importer(815301076,1909f56bfc062723c751e8b465ee728b)
Start importing Assets/rectangle.png using Guid(301d22d89ef34184c9dde6682857ed66) Importer(815301076,1909f56bfc062723c751e8b465ee728b)  -> (artifact id: 'ada626683666a6985cef41e71c9e855e') in 0.098894 seconds 
  Import took 0.103456 seconds .

========================================================================
Received Import Request.
  Time since last request: 8.485929 seconds.
  path: Assets/GameManager.cs
  artifactKey: Guid(2af878757d0d84c4cad677b6478d7ddc) Importer(815301076,1909f56bfc062723c751e8b465ee728b)
Start importing Assets/GameManager.cs using Guid(2af878757d0d84c4cad677b6478d7ddc) Importer(815301076,1909f56bfc062723c751e8b465ee728b)  -> (artifact id: '5134ac193c430908b8c1a5aca42f9d01') in 0.454518 seconds 
  Import took 0.464344 seconds .

========================================================================
Received Import Request.
  Time since last request: 0.227345 seconds.
  path: Assets/GameManager.cs
  artifactKey: Guid(2af878757d0d84c4cad677b6478d7ddc) Importer(815301076,1909f56bfc062723c751e8b465ee728b)
Start importing Assets/GameManager.cs using Guid(2af878757d0d84c4cad677b6478d7ddc) Importer(815301076,1909f56bfc062723c751e8b465ee728b)  -> (artifact id: '5134ac193c430908b8c1a5aca42f9d01') in 0.007446 seconds 
  Import took 0.026100 seconds .

========================================================================
Received Import Request.
  Time since last request: 1001.127103 seconds.
  path: Assets/GameManager.cs
  artifactKey: Guid(2af878757d0d84c4cad677b6478d7ddc) Importer(815301076,1909f56bfc062723c751e8b465ee728b)
Start importing Assets/GameManager.cs using Guid(2af878757d0d84c4cad677b6478d7ddc) Importer(815301076,1909f56bfc062723c751e8b465ee728b)  -> (artifact id: 'f41637ad1728e9e73d27c209d401b8ac') in 0.003234 seconds 
  Import took 0.010004 seconds .

========================================================================
Received Import Request.
  Time since last request: 426.230233 seconds.
  path: Assets/GameManager.cs
  artifactKey: Guid(2af878757d0d84c4cad677b6478d7ddc) Importer(815301076,1909f56bfc062723c751e8b465ee728b)
Start importing Assets/GameManager.cs using Guid(2af878757d0d84c4cad677b6478d7ddc) Importer(815301076,1909f56bfc062723c751e8b465ee728b)  -> (artifact id: 'b8ef36cf71e7176b9c12cd37c26ef97b') in 0.007734 seconds 
  Import took 0.013983 seconds .

========================================================================
Received Prepare
Registering precompiled user dll's ...
Registered in 0.005792 seconds.
Begin MonoManager ReloadAssembly
Native extension for WindowsStandalone target not found
Refreshing native plugins compatible for Editor in 1.08 ms, found 2 plugins.
Preloading 0 native plugins for Editor in 0.00 ms.
Mono: successfully reloaded assembly
- Completed reload, in  1.370 seconds
Platform modules already initialized, skipping
Refreshing native plugins compatible for Editor in 1.11 ms, found 2 plugins.
Preloading 0 native plugins for Editor in 0.00 ms.
Unloading 1763 Unused Serialized files (Serialized files now loaded: 0)
System memory in use before: 102.4 MB.
System memory in use after: 102.5 MB.

Unloading 28 unused Assets to reduce memory usage. Loaded Objects now: 2298.
Total: 3.371500 ms (FindLiveObjects: 0.209500 ms CreateObjectMapping: 0.093400 ms MarkObjects: 2.869600 ms  DeleteObjects: 0.197600 ms)

AssetImportParameters requested are different than current active one (requested -> active):
  custom:framework-win-MediaFoundation: 216162199b28c13a410421893ffa2e32 -> 
  custom:video-decoder-ogg-theora: a1e56fd34408186e4bbccfd4996cb3dc -> 
  custom:container-muxer-webm: aa71ff27fc2769a1b78a27578f13a17b -> 
  custom:container-demuxer-webm: 4f35f7cbe854078d1ac9338744f61a02 -> 
  custom:container-demuxer-ogg: 62fdf1f143b41e24485cea50d1cbac27 -> 
  custom:video-encoder-webm-vp8: eb34c28f22e8b96e1ab97ce403110664 -> 
  custom:video-decoder-webm-vp8: 9c59270c3fd7afecdb556c50c9e8de78 -> 
  custom:audio-decoder-ogg-vorbis: bf7c407c2cedff20999df2af8eb42d56 -> 
  custom:audio-encoder-webm-vorbis: bf7c407c2cedff20999df2af8eb42d56 -> 
========================================================================
Received Prepare
Registering precompiled user dll's ...
Registered in 0.010233 seconds.
Begin MonoManager ReloadAssembly
Native extension for WindowsStandalone target not found
Refreshing native plugins compatible for Editor in 0.60 ms, found 2 plugins.
Preloading 0 native plugins for Editor in 0.00 ms.
Mono: successfully reloaded assembly
- Completed reload, in  1.531 seconds
Platform modules already initialized, skipping
Refreshing native plugins compatible for Editor in 1.64 ms, found 2 plugins.
Preloading 0 native plugins for Editor in 0.00 ms.
Unloading 1763 Unused Serialized files (Serialized files now loaded: 0)
System memory in use before: 102.4 MB.
System memory in use after: 102.5 MB.

Unloading 28 unused Assets to reduce memory usage. Loaded Objects now: 2301.
Total: 4.197800 ms (FindLiveObjects: 0.302500 ms CreateObjectMapping: 0.111900 ms MarkObjects: 3.572200 ms  DeleteObjects: 0.209500 ms)

AssetImportParameters requested are different than current active one (requested -> active):
  custom:framework-win-MediaFoundation: 216162199b28c13a410421893ffa2e32 -> 
  custom:video-decoder-ogg-theora: a1e56fd34408186e4bbccfd4996cb3dc -> 
  custom:container-muxer-webm: aa71ff27fc2769a1b78a27578f13a17b -> 
  custom:container-demuxer-webm: 4f35f7cbe854078d1ac9338744f61a02 -> 
  custom:container-demuxer-ogg: 62fdf1f143b41e24485cea50d1cbac27 -> 
  custom:video-encoder-webm-vp8: eb34c28f22e8b96e1ab97ce403110664 -> 
  custom:video-decoder-webm-vp8: 9c59270c3fd7afecdb556c50c9e8de78 -> 
  custom:audio-decoder-ogg-vorbis: bf7c407c2cedff20999df2af8eb42d56 -> 
  custom:audio-encoder-webm-vorbis: bf7c407c2cedff20999df2af8eb42d56 -> 
========================================================================
Received Prepare
Registering precompiled user dll's ...
Registered in 0.012320 seconds.
Begin MonoManager ReloadAssembly
Native extension for WindowsStandalone target not found
Refreshing native plugins compatible for Editor in 0.65 ms, found 2 plugins.
Preloading 0 native plugins for Editor in 0.00 ms.
Mono: successfully reloaded assembly
- Completed reload, in  1.346 seconds
Platform modules already initialized, skipping
Refreshing native plugins compatible for Editor in 0.68 ms, found 2 plugins.
Preloading 0 native plugins for Editor in 0.00 ms.
Unloading 1763 Unused Serialized files (Serialized files now loaded: 0)
System memory in use before: 102.5 MB.
System memory in use after: 102.5 MB.

Unloading 28 unused Assets to reduce memory usage. Loaded Objects now: 2304.
Total: 2.651400 ms (FindLiveObjects: 0.204800 ms CreateObjectMapping: 0.079200 ms MarkObjects: 2.250100 ms  DeleteObjects: 0.115900 ms)

AssetImportParameters requested are different than current active one (requested -> active):
  custom:framework-win-MediaFoundation: 216162199b28c13a410421893ffa2e32 -> 
  custom:video-decoder-ogg-theora: a1e56fd34408186e4bbccfd4996cb3dc -> 
  custom:container-muxer-webm: aa71ff27fc2769a1b78a27578f13a17b -> 
  custom:container-demuxer-webm: 4f35f7cbe854078d1ac9338744f61a02 -> 
  custom:container-demuxer-ogg: 62fdf1f143b41e24485cea50d1cbac27 -> 
  custom:video-encoder-webm-vp8: eb34c28f22e8b96e1ab97ce403110664 -> 
  custom:video-decoder-webm-vp8: 9c59270c3fd7afecdb556c50c9e8de78 -> 
  custom:audio-decoder-ogg-vorbis: bf7c407c2cedff20999df2af8eb42d56 -> 
  custom:audio-encoder-webm-vorbis: bf7c407c2cedff20999df2af8eb42d56 -> 
========================================================================
Received Prepare
Registering precompiled user dll's ...
Registered in 0.008430 seconds.
Begin MonoManager ReloadAssembly
Native extension for WindowsStandalone target not found
Refreshing native plugins compatible for Editor in 0.59 ms, found 2 plugins.
Preloading 0 native plugins for Editor in 0.00 ms.
Mono: successfully reloaded assembly
- Completed reload, in  1.223 seconds
Platform modules already initialized, skipping
Refreshing native plugins compatible for Editor in 0.63 ms, found 2 plugins.
Preloading 0 native plugins for Editor in 0.00 ms.
Unloading 1763 Unused Serialized files (Serialized files now loaded: 0)
System memory in use before: 102.5 MB.
System memory in use after: 102.6 MB.

Unloading 28 unused Assets to reduce memory usage. Loaded Objects now: 2307.
Total: 2.872600 ms (FindLiveObjects: 0.211000 ms CreateObjectMapping: 0.078400 ms MarkObjects: 2.463500 ms  DeleteObjects: 0.118700 ms)

AssetImportParameters requested are different than current active one (requested -> active):
  custom:framework-win-MediaFoundation: 216162199b28c13a410421893ffa2e32 -> 
  custom:video-decoder-ogg-theora: a1e56fd34408186e4bbccfd4996cb3dc -> 
  custom:container-muxer-webm: aa71ff27fc2769a1b78a27578f13a17b -> 
  custom:container-demuxer-webm: 4f35f7cbe854078d1ac9338744f61a02 -> 
  custom:container-demuxer-ogg: 62fdf1f143b41e24485cea50d1cbac27 -> 
  custom:video-encoder-webm-vp8: eb34c28f22e8b96e1ab97ce403110664 -> 
  custom:video-decoder-webm-vp8: 9c59270c3fd7afecdb556c50c9e8de78 -> 
  custom:audio-decoder-ogg-vorbis: bf7c407c2cedff20999df2af8eb42d56 -> 
  custom:audio-encoder-webm-vorbis: bf7c407c2cedff20999df2af8eb42d56 -> 
========================================================================
Received Prepare
Registering precompiled user dll's ...
Registered in 0.006133 seconds.
Begin MonoManager ReloadAssembly
Native extension for WindowsStandalone target not found
Refreshing native plugins compatible for Editor in 1.63 ms, found 2 plugins.
Preloading 0 native plugins for Editor in 0.00 ms.
Mono: successfully reloaded assembly
- Completed reload, in  1.744 seconds
Platform modules already initialized, skipping
Refreshing native plugins compatible for Editor in 1.27 ms, found 2 plugins.
Preloading 0 native plugins for Editor in 0.00 ms.
Unloading 1843 Unused Serialized files (Serialized files now loaded: 0)
System memory in use before: 104.5 MB.
System memory in use after: 104.5 MB.

Unloading 28 unused Assets to reduce memory usage. Loaded Objects now: 2390.
Total: 4.249200 ms (FindLiveObjects: 0.410000 ms CreateObjectMapping: 0.146600 ms MarkObjects: 3.492800 ms  DeleteObjects: 0.198000 ms)

AssetImportParameters requested are different than current active one (requested -> active):
  custom:framework-win-MediaFoundation: 216162199b28c13a410421893ffa2e32 -> 
  custom:video-decoder-ogg-theora: a1e56fd34408186e4bbccfd4996cb3dc -> 
  custom:container-muxer-webm: aa71ff27fc2769a1b78a27578f13a17b -> 
  custom:container-demuxer-webm: 4f35f7cbe854078d1ac9338744f61a02 -> 
  custom:container-demuxer-ogg: 62fdf1f143b41e24485cea50d1cbac27 -> 
  custom:video-encoder-webm-vp8: eb34c28f22e8b96e1ab97ce403110664 -> 
  custom:video-decoder-webm-vp8: 9c59270c3fd7afecdb556c50c9e8de78 -> 
  custom:audio-decoder-ogg-vorbis: bf7c407c2cedff20999df2af8eb42d56 -> 
  custom:audio-encoder-webm-vorbis: bf7c407c2cedff20999df2af8eb42d56 -> 
========================================================================
Received Prepare
Registering precompiled user dll's ...
Registered in 0.010498 seconds.
Begin MonoManager ReloadAssembly
Native extension for WindowsStandalone target not found
Refreshing native plugins compatible for Editor in 0.63 ms, found 2 plugins.
Preloading 0 native plugins for Editor in 0.00 ms.
Mono: successfully reloaded assembly
- Completed reload, in  1.336 seconds
Platform modules already initialized, skipping
Refreshing native plugins compatible for Editor in 1.03 ms, found 2 plugins.
Preloading 0 native plugins for Editor in 0.00 ms.
Unloading 1843 Unused Serialized files (Serialized files now loaded: 0)
System memory in use before: 104.5 MB.
System memory in use after: 104.5 MB.

Unloading 28 unused Assets to reduce memory usage. Loaded Objects now: 2393.
Total: 3.122700 ms (FindLiveObjects: 0.216900 ms CreateObjectMapping: 0.080300 ms MarkObjects: 2.637800 ms  DeleteObjects: 0.186500 ms)

AssetImportParameters requested are different than current active one (requested -> active):
  custom:framework-win-MediaFoundation: 216162199b28c13a410421893ffa2e32 -> 
  custom:video-decoder-ogg-theora: a1e56fd34408186e4bbccfd4996cb3dc -> 
  custom:container-muxer-webm: aa71ff27fc2769a1b78a27578f13a17b -> 
  custom:container-demuxer-webm: 4f35f7cbe854078d1ac9338744f61a02 -> 
  custom:container-demuxer-ogg: 62fdf1f143b41e24485cea50d1cbac27 -> 
  custom:video-encoder-webm-vp8: eb34c28f22e8b96e1ab97ce403110664 -> 
  custom:video-decoder-webm-vp8: 9c59270c3fd7afecdb556c50c9e8de78 -> 
  custom:audio-decoder-ogg-vorbis: bf7c407c2cedff20999df2af8eb42d56 -> 
  custom:audio-encoder-webm-vorbis: bf7c407c2cedff20999df2af8eb42d56 -> 
========================================================================
Received Prepare
Registering precompiled user dll's ...
Registered in 0.009710 seconds.
Begin MonoManager ReloadAssembly
Native extension for WindowsStandalone target not found
Refreshing native plugins compatible for Editor in 1.09 ms, found 2 plugins.
Preloading 0 native plugins for Editor in 0.00 ms.
Mono: successfully reloaded assembly
- Completed reload, in  2.137 seconds
Platform modules already initialized, skipping
Refreshing native plugins compatible for Editor in 0.62 ms, found 2 plugins.
Preloading 0 native plugins for Editor in 0.00 ms.
Unloading 1843 Unused Serialized files (Serialized files now loaded: 0)
System memory in use before: 104.5 MB.
System memory in use after: 104.6 MB.

Unloading 28 unused Assets to reduce memory usage. Loaded Objects now: 2396.
Total: 2.545100 ms (FindLiveObjects: 0.205400 ms CreateObjectMapping: 0.105700 ms MarkObjects: 2.117500 ms  DeleteObjects: 0.115200 ms)

AssetImportParameters requested are different than current active one (requested -> active):
  custom:framework-win-MediaFoundation: 216162199b28c13a410421893ffa2e32 -> 
  custom:video-decoder-ogg-theora: a1e56fd34408186e4bbccfd4996cb3dc -> 
  custom:container-muxer-webm: aa71ff27fc2769a1b78a27578f13a17b -> 
  custom:container-demuxer-webm: 4f35f7cbe854078d1ac9338744f61a02 -> 
  custom:container-demuxer-ogg: 62fdf1f143b41e24485cea50d1cbac27 -> 
  custom:video-encoder-webm-vp8: eb34c28f22e8b96e1ab97ce403110664 -> 
  custom:video-decoder-webm-vp8: 9c59270c3fd7afecdb556c50c9e8de78 -> 
  custom:audio-decoder-ogg-vorbis: bf7c407c2cedff20999df2af8eb42d56 -> 
  custom:audio-encoder-webm-vorbis: bf7c407c2cedff20999df2af8eb42d56 -> 
========================================================================
Received Import Request.
  Time since last request: 1289.631823 seconds.
  path: Assets/JKT_Art/Animals/duck
  artifactKey: Guid(079bd7cff2e3b8342b22ee1bee506b17) Importer(815301076,1909f56bfc062723c751e8b465ee728b)
Start importing Assets/JKT_Art/Animals/duck using Guid(079bd7cff2e3b8342b22ee1bee506b17) Importer(815301076,1909f56bfc062723c751e8b465ee728b)  -> (artifact id: '4f37346c6837f1c63e667681de364623') in 0.013936 seconds 
  Import took 0.019547 seconds .

========================================================================
Received Import Request.
  Time since last request: 0.062849 seconds.
  path: Assets/JKT_Art/Animals/duck/LOVEDUCK.prefab
  artifactKey: Guid(f657c58adb4c219419ae056411d88e27) Importer(815301076,1909f56bfc062723c751e8b465ee728b)
Start importing Assets/JKT_Art/Animals/duck/LOVEDUCK.prefab using Guid(f657c58adb4c219419ae056411d88e27) Importer(815301076,1909f56bfc062723c751e8b465ee728b)  -> (artifact id: '8f739b22df96670d4c876229b013965b') in 0.463206 seconds 
  Import took 0.469127 seconds .

========================================================================
Received Import Request.
  Time since last request: 9.574173 seconds.
  path: Assets/Sound fx/Animals
  artifactKey: Guid(9b9b66a1a91ff0948b903f2509286632) Importer(815301076,1909f56bfc062723c751e8b465ee728b)
Start importing Assets/Sound fx/Animals using Guid(9b9b66a1a91ff0948b903f2509286632) Importer(815301076,1909f56bfc062723c751e8b465ee728b)  -> (artifact id: '21ec5d1abbe8e93df84e51bc38ff4934') in 0.009618 seconds 
  Import took 0.014109 seconds .

========================================================================
Received Import Request.
  Time since last request: 0.000735 seconds.
  path: Assets/Sound fx/Animals
  artifactKey: Guid(9b9b66a1a91ff0948b903f2509286632) Importer(815301076,1909f56bfc062723c751e8b465ee728b)
Start importing Assets/Sound fx/Animals using Guid(9b9b66a1a91ff0948b903f2509286632) Importer(815301076,1909f56bfc062723c751e8b465ee728b)  -> (artifact id: '21ec5d1abbe8e93df84e51bc38ff4934') in 0.005103 seconds 
  Import took 0.009955 seconds .

========================================================================
Received Import Request.
  Time since last request: 1.931736 seconds.
  path: Assets/Sound fx/Animals/Lion
  artifactKey: Guid(3d16ad5d6f816b248a3d689d9d04d4e2) Importer(815301076,1909f56bfc062723c751e8b465ee728b)
Start importing Assets/Sound fx/Animals/Lion using Guid(3d16ad5d6f816b248a3d689d9d04d4e2) Importer(815301076,1909f56bfc062723c751e8b465ee728b)  -> (artifact id: '7bf814b2f93ec1c0c0d1ec0f6a485593') in 0.008675 seconds 
  Import took 0.013013 seconds .

========================================================================
Received Import Request.
  Time since last request: 0.001178 seconds.
  path: Assets/Sound fx/Animals/Lion
  artifactKey: Guid(3d16ad5d6f816b248a3d689d9d04d4e2) Importer(815301076,1909f56bfc062723c751e8b465ee728b)
Start importing Assets/Sound fx/Animals/Lion using Guid(3d16ad5d6f816b248a3d689d9d04d4e2) Importer(815301076,1909f56bfc062723c751e8b465ee728b)  -> (artifact id: '7bf814b2f93ec1c0c0d1ec0f6a485593') in 0.003811 seconds 
  Import took 0.008572 seconds .

========================================================================
Received Import Request.
  Time since last request: 0.089206 seconds.
  path: Assets/Sound fx/Animals/Lion/Lion Roaring #1.wav
  artifactKey: Guid(35b85b7ac3a279f49bed8d2679096ccd) Importer(815301076,1909f56bfc062723c751e8b465ee728b)
Start importing Assets/Sound fx/Animals/Lion/Lion Roaring #1.wav using Guid(35b85b7ac3a279f49bed8d2679096ccd) Importer(815301076,1909f56bfc062723c751e8b465ee728b)  -> (artifact id: 'df1abfe4f97ea88a9ce82051815150e1') in 0.574366 seconds 
  Import took 0.579595 seconds .

========================================================================
Received Import Request.
  Time since last request: 0.000349 seconds.
  path: Assets/Sound fx/Animals/Lion/Lion Snarl Growl #2.wav
  artifactKey: Guid(eef9e63d678242245a3966ac0570fd32) Importer(815301076,1909f56bfc062723c751e8b465ee728b)
Start importing Assets/Sound fx/Animals/Lion/Lion Snarl Growl #2.wav using Guid(eef9e63d678242245a3966ac0570fd32) Importer(815301076,1909f56bfc062723c751e8b465ee728b)  -> (artifact id: 'b3a5cae10190ce7edd8c4912f8b51e13') in 0.019666 seconds 
  Import took 0.024805 seconds .

========================================================================
Received Import Request.
  Time since last request: 0.000352 seconds.
  path: Assets/Sound fx/Animals/Lion/Lion Snarl Growl #1.wav
  artifactKey: Guid(c4c856efbed9c914790e814359708bc0) Importer(815301076,1909f56bfc062723c751e8b465ee728b)
Start importing Assets/Sound fx/Animals/Lion/Lion Snarl Growl #1.wav using Guid(c4c856efbed9c914790e814359708bc0) Importer(815301076,1909f56bfc062723c751e8b465ee728b)  -> (artifact id: '8df520774d18dcb001c22f829cc060ec') in 0.037851 seconds 
  Import took 0.042762 seconds .

========================================================================
Received Import Request.
  Time since last request: 0.000304 seconds.
  path: Assets/Sound fx/Animals/Lion/Lion Roaring #2.wav
  artifactKey: Guid(40bf484730290b749a1c3668625b53ef) Importer(815301076,1909f56bfc062723c751e8b465ee728b)
Start importing Assets/Sound fx/Animals/Lion/Lion Roaring #2.wav using Guid(40bf484730290b749a1c3668625b53ef) Importer(815301076,1909f56bfc062723c751e8b465ee728b)  -> (artifact id: 'd4b400ef1cd0e2236dc08f89daf321c2') in 0.019937 seconds 
  Import took 0.026445 seconds .

========================================================================
Received Import Request.
  Time since last request: 92.096867 seconds.
  path: Assets/Animals!/Ogg
  artifactKey: Guid(ed422995b1bae56409863c42af31a2f7) Importer(815301076,1909f56bfc062723c751e8b465ee728b)
Start importing Assets/Animals!/Ogg using Guid(ed422995b1bae56409863c42af31a2f7) Importer(815301076,1909f56bfc062723c751e8b465ee728b)  -> (artifact id: '6796214581525426df1159e522d11423') in 0.010377 seconds 
  Import took 0.015979 seconds .

========================================================================
Received Import Request.
  Time since last request: 0.000339 seconds.
  path: Assets/Animals!/Ogg
  artifactKey: Guid(ed422995b1bae56409863c42af31a2f7) Importer(815301076,1909f56bfc062723c751e8b465ee728b)
Start importing Assets/Animals!/Ogg using Guid(ed422995b1bae56409863c42af31a2f7) Importer(815301076,1909f56bfc062723c751e8b465ee728b)  -> (artifact id: '6796214581525426df1159e522d11423') in 0.003524 seconds 
  Import took 0.007881 seconds .

========================================================================
Received Import Request.
  Time since last request: 4.749096 seconds.
  path: Assets/Animals!/Wavs
  artifactKey: Guid(ef1999025e2ce054ba159ce362876d4f) Importer(815301076,1909f56bfc062723c751e8b465ee728b)
Start importing Assets/Animals!/Wavs using Guid(ef1999025e2ce054ba159ce362876d4f) Importer(815301076,1909f56bfc062723c751e8b465ee728b)  -> (artifact id: '143a86a3f87877d90785689f4a4552c0') in 0.011354 seconds 
  Import took 0.017162 seconds .

========================================================================
Received Import Request.
  Time since last request: 14.590867 seconds.
  path: Assets/Animals!/Ogg/Cat
  artifactKey: Guid(e8c1cdad0a98c384a9bda3fa7b4d8495) Importer(815301076,1909f56bfc062723c751e8b465ee728b)
Start importing Assets/Animals!/Ogg/Cat using Guid(e8c1cdad0a98c384a9bda3fa7b4d8495) Importer(815301076,1909f56bfc062723c751e8b465ee728b)  -> (artifact id: 'f56173b54d90eb5e6654d1d42e921370') in 0.008904 seconds 
  Import took 0.013627 seconds .

========================================================================
Received Import Request.
  Time since last request: 0.001498 seconds.
  path: Assets/Animals!/Ogg/Cat
  artifactKey: Guid(e8c1cdad0a98c384a9bda3fa7b4d8495) Importer(815301076,1909f56bfc062723c751e8b465ee728b)
Start importing Assets/Animals!/Ogg/Cat using Guid(e8c1cdad0a98c384a9bda3fa7b4d8495) Importer(815301076,1909f56bfc062723c751e8b465ee728b)  -> (artifact id: 'f56173b54d90eb5e6654d1d42e921370') in 0.003771 seconds 
  Import took 0.008124 seconds .

========================================================================
Received Import Request.
  Time since last request: 0.099528 seconds.
  path: Assets/Animals!/Ogg/Cat/Cat_affirmative_03.ogg
  artifactKey: Guid(69c2d5adf37aa55478c75e9b12be75e9) Importer(815301076,1909f56bfc062723c751e8b465ee728b)
Start importing Assets/Animals!/Ogg/Cat/Cat_affirmative_03.ogg using Guid(69c2d5adf37aa55478c75e9b12be75e9) Importer(815301076,1909f56bfc062723c751e8b465ee728b)  -> (artifact id: '44e41f7ca4fac1183ed799db8052a00d') in 0.023649 seconds 
  Import took 0.028249 seconds .

========================================================================
Received Import Request.
  Time since last request: 0.000310 seconds.
  path: Assets/Animals!/Ogg/Cat/Cat_grunt_01.ogg
  artifactKey: Guid(e2312e53a0d287844b584df9d5e975dc) Importer(815301076,1909f56bfc062723c751e8b465ee728b)
Start importing Assets/Animals!/Ogg/Cat/Cat_grunt_01.ogg using Guid(e2312e53a0d287844b584df9d5e975dc) Importer(815301076,1909f56bfc062723c751e8b465ee728b)  -> (artifact id: '5dd3bb5696fe3e775d2a5a0e88717126') in 0.016709 seconds 
  Import took 0.020753 seconds .

========================================================================
Received Import Request.
  Time since last request: 0.000240 seconds.
  path: Assets/Animals!/Ogg/Cat/Cat_cry_02.ogg
  artifactKey: Guid(7b9ebcf10910d254d811e0107437c3c5) Importer(815301076,1909f56bfc062723c751e8b465ee728b)
Start importing Assets/Animals!/Ogg/Cat/Cat_cry_02.ogg using Guid(7b9ebcf10910d254d811e0107437c3c5) Importer(815301076,1909f56bfc062723c751e8b465ee728b)  -> (artifact id: '27cbc665c73821460c7b7fa7e217dd76') in 0.017814 seconds 
  Import took 0.021776 seconds .

========================================================================
Received Import Request.
  Time since last request: 0.000360 seconds.
  path: Assets/Animals!/Ogg/Cat/Cat_cry_03.ogg
  artifactKey: Guid(c953b6148ad0a2d4688072b2fa4b72e9) Importer(815301076,1909f56bfc062723c751e8b465ee728b)
Start importing Assets/Animals!/Ogg/Cat/Cat_cry_03.ogg using Guid(c953b6148ad0a2d4688072b2fa4b72e9) Importer(815301076,1909f56bfc062723c751e8b465ee728b)  -> (artifact id: 'd181d6d6e7b94e61fef81d4ff2e9d2e5') in 0.021874 seconds 
  Import took 0.026218 seconds .

========================================================================
Received Import Request.
  Time since last request: 0.000267 seconds.
  path: Assets/Animals!/Ogg/Cat/Cat_grunt_04.ogg
  artifactKey: Guid(05a534bd96e212648bac3c02c7d13f08) Importer(815301076,1909f56bfc062723c751e8b465ee728b)
Start importing Assets/Animals!/Ogg/Cat/Cat_grunt_04.ogg using Guid(05a534bd96e212648bac3c02c7d13f08) Importer(815301076,1909f56bfc062723c751e8b465ee728b)  -> (artifact id: 'fed1083b368daa9c61de1149364c70ce') in 0.017363 seconds 
  Import took 0.021521 seconds .

========================================================================
Received Import Request.
  Time since last request: 0.000318 seconds.
  path: Assets/Animals!/Ogg/Cat/Cat_scream_01.ogg
  artifactKey: Guid(1ec440d1af15be64da14b430f50dec0b) Importer(815301076,1909f56bfc062723c751e8b465ee728b)
Start importing Assets/Animals!/Ogg/Cat/Cat_scream_01.ogg using Guid(1ec440d1af15be64da14b430f50dec0b) Importer(815301076,1909f56bfc062723c751e8b465ee728b)  -> (artifact id: 'cfbbe6607d1e9c842778473c2f3179c1') in 0.019643 seconds 
  Import took 0.024665 seconds .

========================================================================
Received Import Request.
  Time since last request: 0.000243 seconds.
  path: Assets/Animals!/Ogg/Cat/Cat_cry_01.ogg
  artifactKey: Guid(db9784ac8883e2444846eb1ae803b203) Importer(815301076,1909f56bfc062723c751e8b465ee728b)
Start importing Assets/Animals!/Ogg/Cat/Cat_cry_01.ogg using Guid(db9784ac8883e2444846eb1ae803b203) Importer(815301076,1909f56bfc062723c751e8b465ee728b)  -> (artifact id: '82d1584558c58fe12f08854773e2f9a1') in 0.017736 seconds 
  Import took 0.022034 seconds .

========================================================================
Received Import Request.
  Time since last request: 0.000238 seconds.
  path: Assets/Animals!/Ogg/Cat/Cat_grunt_02.ogg
  artifactKey: Guid(e1e41977ee686794f9e5116a66909516) Importer(815301076,1909f56bfc062723c751e8b465ee728b)
Start importing Assets/Animals!/Ogg/Cat/Cat_grunt_02.ogg using Guid(e1e41977ee686794f9e5116a66909516) Importer(815301076,1909f56bfc062723c751e8b465ee728b)  -> (artifact id: '674a2a660e074a99451821dc1d121cca') in 0.018929 seconds 
  Import took 0.024313 seconds .

========================================================================
Received Import Request.
  Time since last request: 0.000257 seconds.
  path: Assets/Animals!/Ogg/Cat/Cat_meow_05.ogg
  artifactKey: Guid(673d3a5e26d1fa149956f5414b6e71ff) Importer(815301076,1909f56bfc062723c751e8b465ee728b)
Start importing Assets/Animals!/Ogg/Cat/Cat_meow_05.ogg using Guid(673d3a5e26d1fa149956f5414b6e71ff) Importer(815301076,1909f56bfc062723c751e8b465ee728b)  -> (artifact id: '00866c360ec313930985ebcfc194c710') in 0.019944 seconds 
  Import took 0.024875 seconds .

========================================================================
Received Import Request.
  Time since last request: 0.000249 seconds.
  path: Assets/Animals!/Ogg/Cat/Cat_scream_02.ogg
  artifactKey: Guid(fc5fac85479b28b468537407f243c20b) Importer(815301076,1909f56bfc062723c751e8b465ee728b)
Start importing Assets/Animals!/Ogg/Cat/Cat_scream_02.ogg using Guid(fc5fac85479b28b468537407f243c20b) Importer(815301076,1909f56bfc062723c751e8b465ee728b)  -> (artifact id: '0eff3e8e3a9ce2e1d92354d77d804758') in 0.018564 seconds 
  Import took 0.023041 seconds .

========================================================================
Received Import Request.
  Time since last request: 0.000227 seconds.
  path: Assets/Animals!/Ogg/Cat/Cat_interogative_01.ogg
  artifactKey: Guid(6e98150cd820add42b6d6b091bf73e2e) Importer(815301076,1909f56bfc062723c751e8b465ee728b)
Start importing Assets/Animals!/Ogg/Cat/Cat_interogative_01.ogg using Guid(6e98150cd820add42b6d6b091bf73e2e) Importer(815301076,1909f56bfc062723c751e8b465ee728b)  -> (artifact id: '57370a17bc32ce363b1b6114e0a085e0') in 0.019984 seconds 
  Import took 0.024148 seconds .

========================================================================
Received Import Request.
  Time since last request: 0.000446 seconds.
  path: Assets/Animals!/Ogg/Cat/Cat_meow_04.ogg
  artifactKey: Guid(b8251b7e35e646448a82798549d206b4) Importer(815301076,1909f56bfc062723c751e8b465ee728b)
Start importing Assets/Animals!/Ogg/Cat/Cat_meow_04.ogg using Guid(b8251b7e35e646448a82798549d206b4) Importer(815301076,1909f56bfc062723c751e8b465ee728b)  -> (artifact id: '2b03f6148384a6857c213644c535c5f8') in 0.016616 seconds 
  Import took 0.021479 seconds .

========================================================================
Received Import Request.
  Time since last request: 0.000242 seconds.
  path: Assets/Animals!/Ogg/Cat/Cat_meow_01.ogg
  artifactKey: Guid(3069921ab25cdba42b871b3f6a93a682) Importer(815301076,1909f56bfc062723c751e8b465ee728b)
Start importing Assets/Animals!/Ogg/Cat/Cat_meow_01.ogg using Guid(3069921ab25cdba42b871b3f6a93a682) Importer(815301076,1909f56bfc062723c751e8b465ee728b)  -> (artifact id: '4ebe8e9c67ba4db75dcbb705d42d18eb') in 0.020298 seconds 
  Import took 0.024703 seconds .

========================================================================
Received Import Request.
  Time since last request: 0.000103 seconds.
  path: Assets/Animals!/Ogg/Cat/Cat_affirmative_04.ogg
  artifactKey: Guid(5eb09fca916934b43adc58a33b7a3b30) Importer(815301076,1909f56bfc062723c751e8b465ee728b)
Start importing Assets/Animals!/Ogg/Cat/Cat_affirmative_04.ogg using Guid(5eb09fca916934b43adc58a33b7a3b30) Importer(815301076,1909f56bfc062723c751e8b465ee728b)  -> (artifact id: 'd2c8f887d407089c0de5ae4cc0ee8a1f') in 0.019074 seconds 
  Import took 0.023904 seconds .

========================================================================
Received Import Request.
  Time since last request: 0.000244 seconds.
  path: Assets/Animals!/Ogg/Cat/Cat_grunt_03.ogg
  artifactKey: Guid(9451e659d0ab00a48b12c7d2bbac5566) Importer(815301076,1909f56bfc062723c751e8b465ee728b)
Start importing Assets/Animals!/Ogg/Cat/Cat_grunt_03.ogg using Guid(9451e659d0ab00a48b12c7d2bbac5566) Importer(815301076,1909f56bfc062723c751e8b465ee728b)  -> (artifact id: '13bdd7b228fe3fd5404c371360482b41') in 0.018175 seconds 
  Import took 0.023268 seconds .

========================================================================
Received Import Request.
  Time since last request: 0.000234 seconds.
  path: Assets/Animals!/Ogg/Cat/Cat_meow_02.ogg
  artifactKey: Guid(c27b4afbbbe35c049b6ab559b8312d31) Importer(815301076,1909f56bfc062723c751e8b465ee728b)
Start importing Assets/Animals!/Ogg/Cat/Cat_meow_02.ogg using Guid(c27b4afbbbe35c049b6ab559b8312d31) Importer(815301076,1909f56bfc062723c751e8b465ee728b)  -> (artifact id: '42de6dff46b1fb505ad57bf600ccb8ad') in 0.017539 seconds 
  Import took 0.022027 seconds .

========================================================================
Received Import Request.
  Time since last request: 0.000223 seconds.
  path: Assets/Animals!/Ogg/Cat/Cat_cry_04.ogg
  artifactKey: Guid(378f2026398728f4a986f88fb9ef9056) Importer(815301076,1909f56bfc062723c751e8b465ee728b)
Start importing Assets/Animals!/Ogg/Cat/Cat_cry_04.ogg using Guid(378f2026398728f4a986f88fb9ef9056) Importer(815301076,1909f56bfc062723c751e8b465ee728b)  -> (artifact id: '543a2dd071e928787044586721535540') in 0.017796 seconds 
  Import took 0.022887 seconds .

========================================================================
Received Import Request.
  Time since last request: 0.001000 seconds.
  path: Assets/Animals!/Ogg/Cat/Cat_meow_03.ogg
  artifactKey: Guid(9b4ccd00e885b1342b6ef09fbf951d7b) Importer(815301076,1909f56bfc062723c751e8b465ee728b)
Start importing Assets/Animals!/Ogg/Cat/Cat_meow_03.ogg using Guid(9b4ccd00e885b1342b6ef09fbf951d7b) Importer(815301076,1909f56bfc062723c751e8b465ee728b)  -> (artifact id: 'eff14a71a32a9b3c830ae61be240b51f') in 0.019031 seconds 
  Import took 0.022811 seconds .

========================================================================
Received Import Request.
  Time since last request: 0.000233 seconds.
  path: Assets/Animals!/Ogg/Cat/Cat_interogative_02.ogg
  artifactKey: Guid(1368bbb3dbafdde47ab58e880ea75e34) Importer(815301076,1909f56bfc062723c751e8b465ee728b)
Start importing Assets/Animals!/Ogg/Cat/Cat_interogative_02.ogg using Guid(1368bbb3dbafdde47ab58e880ea75e34) Importer(815301076,1909f56bfc062723c751e8b465ee728b)  -> (artifact id: '14bfef807d399cbf5bc3f8f05abdf7bb') in 0.017754 seconds 
  Import took 0.023286 seconds .

========================================================================
Received Import Request.
  Time since last request: 27.081023 seconds.
  path: Assets/Animals!/Ogg/Cat/Cat_scream_03.ogg
  artifactKey: Guid(ea9111a038aad4f4b96a1621eae1b7a3) Importer(815301076,1909f56bfc062723c751e8b465ee728b)
Start importing Assets/Animals!/Ogg/Cat/Cat_scream_03.ogg using Guid(ea9111a038aad4f4b96a1621eae1b7a3) Importer(815301076,1909f56bfc062723c751e8b465ee728b)  -> (artifact id: '760d63dc42dab94ff9e223562a1b6b79') in 0.015554 seconds 
  Import took 0.020993 seconds .

========================================================================
Received Import Request.
  Time since last request: 0.000517 seconds.
  path: Assets/Animals!/Ogg/Cat/Cat_scream_04.ogg
  artifactKey: Guid(524197d5b488e5845a96652f994fb502) Importer(815301076,1909f56bfc062723c751e8b465ee728b)
Start importing Assets/Animals!/Ogg/Cat/Cat_scream_04.ogg using Guid(524197d5b488e5845a96652f994fb502) Importer(815301076,1909f56bfc062723c751e8b465ee728b)  -> (artifact id: '084f18e3b0474f224c00ee4d0d51ad31') in 0.019697 seconds 
  Import took 0.024684 seconds .

========================================================================
Received Import Request.
  Time since last request: 40.955405 seconds.
  path: Assets/Animals!/Ogg/Chicken/chicken_affirmative_01.ogg
  artifactKey: Guid(4cf92a4aaf6672e46bcad225c23c03f8) Importer(815301076,1909f56bfc062723c751e8b465ee728b)
Start importing Assets/Animals!/Ogg/Chicken/chicken_affirmative_01.ogg using Guid(4cf92a4aaf6672e46bcad225c23c03f8) Importer(815301076,1909f56bfc062723c751e8b465ee728b)  -> (artifact id: '6b7f6b563d06245bb4cb3e8e6b15e27e') in 0.046434 seconds 
  Import took 0.050698 seconds .

========================================================================
Received Import Request.
  Time since last request: 0.000366 seconds.
  path: Assets/Animals!/Ogg/Chicken/chicken_grunt_04.ogg
  artifactKey: Guid(47fcab50d18bcca40b1576f18a7a33fd) Importer(815301076,1909f56bfc062723c751e8b465ee728b)
Start importing Assets/Animals!/Ogg/Chicken/chicken_grunt_04.ogg using Guid(47fcab50d18bcca40b1576f18a7a33fd) Importer(815301076,1909f56bfc062723c751e8b465ee728b)  -> (artifact id: '79e7698bb76bd65df942ece08864f242') in 0.016028 seconds 
  Import took 0.020245 seconds .

========================================================================
Received Import Request.
  Time since last request: 0.000257 seconds.
  path: Assets/Animals!/Ogg/Chicken/chicken_male_03.ogg
  artifactKey: Guid(84d9ea0af538ec34997c6429479bd8c6) Importer(815301076,1909f56bfc062723c751e8b465ee728b)
Start importing Assets/Animals!/Ogg/Chicken/chicken_male_03.ogg using Guid(84d9ea0af538ec34997c6429479bd8c6) Importer(815301076,1909f56bfc062723c751e8b465ee728b)  -> (artifact id: 'a124c33e66efe05ce979349e339b0910') in 0.019921 seconds 
  Import took 0.025657 seconds .

========================================================================
Received Import Request.
  Time since last request: 0.000274 seconds.
  path: Assets/Animals!/Ogg/Chicken/chicken_male_grunt_04.ogg
  artifactKey: Guid(9951c0202920ab549ba696d4c88f609e) Importer(815301076,1909f56bfc062723c751e8b465ee728b)
Start importing Assets/Animals!/Ogg/Chicken/chicken_male_grunt_04.ogg using Guid(9951c0202920ab549ba696d4c88f609e) Importer(815301076,1909f56bfc062723c751e8b465ee728b)  -> (artifact id: '5fa30ac759e9192c1ecbfbf25cab0647') in 0.018128 seconds 
  Import took 0.021873 seconds .

========================================================================
Received Import Request.
  Time since last request: 0.000224 seconds.
  path: Assets/Animals!/Ogg/Chicken/chicken_affirmative_02.ogg
  artifactKey: Guid(2482ddc14e8cca840a65de16e7f91d88) Importer(815301076,1909f56bfc062723c751e8b465ee728b)
Start importing Assets/Animals!/Ogg/Chicken/chicken_affirmative_02.ogg using Guid(2482ddc14e8cca840a65de16e7f91d88) Importer(815301076,1909f56bfc062723c751e8b465ee728b)  -> (artifact id: '4dd9049ce917c985372a53540bca93a2') in 0.019030 seconds 
  Import took 0.023236 seconds .

========================================================================
Received Import Request.
  Time since last request: 0.000305 seconds.
  path: Assets/Animals!/Ogg/Chicken/chicken_quark_01.ogg
  artifactKey: Guid(462f32ae632c8e74a8d9e671055e6617) Importer(815301076,1909f56bfc062723c751e8b465ee728b)
Start importing Assets/Animals!/Ogg/Chicken/chicken_quark_01.ogg using Guid(462f32ae632c8e74a8d9e671055e6617) Importer(815301076,1909f56bfc062723c751e8b465ee728b)  -> (artifact id: '894c15ae59666a7821380b5e7639a515') in 0.018773 seconds 
  Import took 0.023164 seconds .

========================================================================
Received Import Request.
  Time since last request: 0.000257 seconds.
  path: Assets/Animals!/Ogg/Chicken/chicken_male_02.ogg
  artifactKey: Guid(6453bb6d78ba5524997d6c0b8ce11a7d) Importer(815301076,1909f56bfc062723c751e8b465ee728b)
Start importing Assets/Animals!/Ogg/Chicken/chicken_male_02.ogg using Guid(6453bb6d78ba5524997d6c0b8ce11a7d) Importer(815301076,1909f56bfc062723c751e8b465ee728b)  -> (artifact id: '80cc18a057a28865ac034915ae26aaf9') in 0.018541 seconds 
  Import took 0.023659 seconds .

========================================================================
Received Import Request.
  Time since last request: 0.000231 seconds.
  path: Assets/Animals!/Ogg/Chicken/chicken_male_grunt_01.ogg
  artifactKey: Guid(3945306eb83a35142b653f904c62331b) Importer(815301076,1909f56bfc062723c751e8b465ee728b)
Start importing Assets/Animals!/Ogg/Chicken/chicken_male_grunt_01.ogg using Guid(3945306eb83a35142b653f904c62331b) Importer(815301076,1909f56bfc062723c751e8b465ee728b)  -> (artifact id: '83a4efb6211588c18c15cc507db03c32') in 0.018006 seconds 
  Import took 0.021892 seconds .

========================================================================
Received Import Request.
  Time since last request: 0.000213 seconds.
  path: Assets/Animals!/Ogg/Chicken/chicken_male_04.ogg
  artifactKey: Guid(80e88dc4a4e75f9469adf24d64239c81) Importer(815301076,1909f56bfc062723c751e8b465ee728b)
Start importing Assets/Animals!/Ogg/Chicken/chicken_male_04.ogg using Guid(80e88dc4a4e75f9469adf24d64239c81) Importer(815301076,1909f56bfc062723c751e8b465ee728b)  -> (artifact id: '6946457d98b3452f8a00511e9d4e2d3a') in 0.018940 seconds 
  Import took 0.023189 seconds .

========================================================================
Received Import Request.
  Time since last request: 0.000444 seconds.
  path: Assets/Animals!/Ogg/Chicken/chicken_gibberish_03.ogg
  artifactKey: Guid(7a5c1577f4ec3034e86f408a3f50fff2) Importer(815301076,1909f56bfc062723c751e8b465ee728b)
Start importing Assets/Animals!/Ogg/Chicken/chicken_gibberish_03.ogg using Guid(7a5c1577f4ec3034e86f408a3f50fff2) Importer(815301076,1909f56bfc062723c751e8b465ee728b)  -> (artifact id: 'e75302c89f0700f3ba2756c98c36e9bd') in 0.018970 seconds 
  Import took 0.023435 seconds .

========================================================================
Received Import Request.
  Time since last request: 0.000214 seconds.
  path: Assets/Animals!/Ogg/Chicken/chicken_male_grunt_03.ogg
  artifactKey: Guid(7bdd0b74545819e41b27dc48f6eca22e) Importer(815301076,1909f56bfc062723c751e8b465ee728b)
Start importing Assets/Animals!/Ogg/Chicken/chicken_male_grunt_03.ogg using Guid(7bdd0b74545819e41b27dc48f6eca22e) Importer(815301076,1909f56bfc062723c751e8b465ee728b)  -> (artifact id: '9333eb7bd1cb88602d9bcb754187d172') in 0.018818 seconds 
  Import took 0.022951 seconds .

========================================================================
Received Import Request.
  Time since last request: 0.000259 seconds.
  path: Assets/Animals!/Ogg/Chicken/chicken_grunt_01.ogg
  artifactKey: Guid(5830145f4b23e4a44adb061950a2acef) Importer(815301076,1909f56bfc062723c751e8b465ee728b)
Start importing Assets/Animals!/Ogg/Chicken/chicken_grunt_01.ogg using Guid(5830145f4b23e4a44adb061950a2acef) Importer(815301076,1909f56bfc062723c751e8b465ee728b)  -> (artifact id: 'bca53cf1632fe8ffca2643c76573b04c') in 0.019386 seconds 
  Import took 0.023487 seconds .

========================================================================
Received Import Request.
  Time since last request: 0.000222 seconds.
  path: Assets/Animals!/Ogg/Chicken/chicken_grunt_06.ogg
  artifactKey: Guid(434c7804e19417243a5b3d37edf8f60a) Importer(815301076,1909f56bfc062723c751e8b465ee728b)
Start importing Assets/Animals!/Ogg/Chicken/chicken_grunt_06.ogg using Guid(434c7804e19417243a5b3d37edf8f60a) Importer(815301076,1909f56bfc062723c751e8b465ee728b)  -> (artifact id: 'f80d0d412fa4d00eec90cba2a58a8a1c') in 0.018020 seconds 
  Import took 0.022018 seconds .

========================================================================
Received Import Request.
  Time since last request: 0.000234 seconds.
  path: Assets/Animals!/Ogg/Chicken/chicken_grunt_02.ogg
  artifactKey: Guid(4a7f7252628761c48bc14deebf06a654) Importer(815301076,1909f56bfc062723c751e8b465ee728b)
Start importing Assets/Animals!/Ogg/Chicken/chicken_grunt_02.ogg using Guid(4a7f7252628761c48bc14deebf06a654) Importer(815301076,1909f56bfc062723c751e8b465ee728b)  -> (artifact id: '63c29876a3084aaaf13818d79dc7dbb7') in 0.018283 seconds 
  Import took 0.022694 seconds .

========================================================================
Received Import Request.
  Time since last request: 0.000283 seconds.
  path: Assets/Animals!/Ogg/Chicken/chicken_grunt_05.ogg
  artifactKey: Guid(b1ee59dbcaa074e428d8675ce402e645) Importer(815301076,1909f56bfc062723c751e8b465ee728b)
Start importing Assets/Animals!/Ogg/Chicken/chicken_grunt_05.ogg using Guid(b1ee59dbcaa074e428d8675ce402e645) Importer(815301076,1909f56bfc062723c751e8b465ee728b)  -> (artifact id: '3e60910d870c9015f3aa991c93f8bed9') in 0.017754 seconds 
  Import took 0.022749 seconds .

========================================================================
Received Import Request.
  Time since last request: 0.000226 seconds.
  path: Assets/Animals!/Ogg/Chicken/chicken_male_01.ogg
  artifactKey: Guid(48f6126f92178f74fa97feb4a1ad24c2) Importer(815301076,1909f56bfc062723c751e8b465ee728b)
Start importing Assets/Animals!/Ogg/Chicken/chicken_male_01.ogg using Guid(48f6126f92178f74fa97feb4a1ad24c2) Importer(815301076,1909f56bfc062723c751e8b465ee728b)  -> (artifact id: '5b688e547e175da8c188c154521b0d43') in 0.019002 seconds 
  Import took 0.024452 seconds .

========================================================================
Received Import Request.
  Time since last request: 0.000219 seconds.
  path: Assets/Animals!/Ogg/Chicken/chicken_gibberish_01.ogg
  artifactKey: Guid(1b1a4fa19b456ee4782bfa8ba9a73fbc) Importer(815301076,1909f56bfc062723c751e8b465ee728b)
Start importing Assets/Animals!/Ogg/Chicken/chicken_gibberish_01.ogg using Guid(1b1a4fa19b456ee4782bfa8ba9a73fbc) Importer(815301076,1909f56bfc062723c751e8b465ee728b)  -> (artifact id: '34ef73f24eaa4971f40a2a2e80a151f0') in 0.018438 seconds 
  Import took 0.023181 seconds .

========================================================================
Received Import Request.
  Time since last request: 0.000225 seconds.
  path: Assets/Animals!/Ogg/Chicken/chicken_grunt_03.ogg
  artifactKey: Guid(3f2f18c1493dcc54faab340d2c8496e4) Importer(815301076,1909f56bfc062723c751e8b465ee728b)
Start importing Assets/Animals!/Ogg/Chicken/chicken_grunt_03.ogg using Guid(3f2f18c1493dcc54faab340d2c8496e4) Importer(815301076,1909f56bfc062723c751e8b465ee728b)  -> (artifact id: '5c80356a76c56bf51294d6b41bc04434') in 0.070025 seconds 
  Import took 0.074482 seconds .

========================================================================
Received Import Request.
  Time since last request: 0.000199 seconds.
  path: Assets/Animals!/Ogg/Chicken/chicken_gibberish_02.ogg
  artifactKey: Guid(55e4205d213e0da4ea0fddeb63df739e) Importer(815301076,1909f56bfc062723c751e8b465ee728b)
Start importing Assets/Animals!/Ogg/Chicken/chicken_gibberish_02.ogg using Guid(55e4205d213e0da4ea0fddeb63df739e) Importer(815301076,1909f56bfc062723c751e8b465ee728b)  -> (artifact id: 'ffb05e83407866e9b469dc79da7409a9') in 0.018908 seconds 
  Import took 0.022625 seconds .

========================================================================
Received Import Request.
  Time since last request: 9.365040 seconds.
  path: Assets/Animals!/Ogg/Chicken/chicken_quark_02.ogg
  artifactKey: Guid(6a56aee3ec54cc64b94bc589b8825438) Importer(815301076,1909f56bfc062723c751e8b465ee728b)
Start importing Assets/Animals!/Ogg/Chicken/chicken_quark_02.ogg using Guid(6a56aee3ec54cc64b94bc589b8825438) Importer(815301076,1909f56bfc062723c751e8b465ee728b)  -> (artifact id: '84cb8acb2d2afb3eea88c259c1669d43') in 0.023132 seconds 
  Import took 0.029102 seconds .

========================================================================
Received Import Request.
  Time since last request: 0.000231 seconds.
  path: Assets/Animals!/Ogg/Chicken/chicken_starlled_02.ogg
  artifactKey: Guid(5fc41e746f5e44f498e5e95bb0e0372b) Importer(815301076,1909f56bfc062723c751e8b465ee728b)
Start importing Assets/Animals!/Ogg/Chicken/chicken_starlled_02.ogg using Guid(5fc41e746f5e44f498e5e95bb0e0372b) Importer(815301076,1909f56bfc062723c751e8b465ee728b)  -> (artifact id: '08a8bf7d603e02a9456c68f94e3f6d9c') in 0.024899 seconds 
  Import took 0.029494 seconds .

========================================================================
Received Import Request.
  Time since last request: 0.000287 seconds.
  path: Assets/Animals!/Ogg/Chicken/chicken_starlled_03.ogg
  artifactKey: Guid(2aa29624150308c4f947564386d85ad7) Importer(815301076,1909f56bfc062723c751e8b465ee728b)
Start importing Assets/Animals!/Ogg/Chicken/chicken_starlled_03.ogg using Guid(2aa29624150308c4f947564386d85ad7) Importer(815301076,1909f56bfc062723c751e8b465ee728b)  -> (artifact id: 'f4be76f453801c915eace5a7373e4520') in 0.023706 seconds 
  Import took 0.027297 seconds .

========================================================================
Received Import Request.
  Time since last request: 0.000218 seconds.
  path: Assets/Animals!/Ogg/Chicken/chicken_starlled_01.ogg
  artifactKey: Guid(e5f6c5862610bbc44b23c6d6ca8f10c6) Importer(815301076,1909f56bfc062723c751e8b465ee728b)
Start importing Assets/Animals!/Ogg/Chicken/chicken_starlled_01.ogg using Guid(e5f6c5862610bbc44b23c6d6ca8f10c6) Importer(815301076,1909f56bfc062723c751e8b465ee728b)  -> (artifact id: 'a157f97639eea02f3f69dc5875cb004b') in 0.024491 seconds 
  Import took 0.031214 seconds .

========================================================================
Received Prepare
Registering precompiled user dll's ...
Registered in 0.007370 seconds.
Begin MonoManager ReloadAssembly
Native extension for WindowsStandalone target not found
Refreshing native plugins compatible for Editor in 0.69 ms, found 2 plugins.
Preloading 0 native plugins for Editor in 0.00 ms.
Mono: successfully reloaded assembly
- Completed reload, in  1.428 seconds
Platform modules already initialized, skipping
Refreshing native plugins compatible for Editor in 0.97 ms, found 2 plugins.
Preloading 0 native plugins for Editor in 0.00 ms.
Unloading 1843 Unused Serialized files (Serialized files now loaded: 0)
System memory in use before: 118.5 MB.
System memory in use after: 118.5 MB.

Unloading 28 unused Assets to reduce memory usage. Loaded Objects now: 2407.
Total: 3.792900 ms (FindLiveObjects: 0.328500 ms CreateObjectMapping: 0.144800 ms MarkObjects: 3.140000 ms  DeleteObjects: 0.178200 ms)

AssetImportParameters requested are different than current active one (requested -> active):
  custom:framework-win-MediaFoundation: 216162199b28c13a410421893ffa2e32 -> 
  custom:video-decoder-ogg-theora: a1e56fd34408186e4bbccfd4996cb3dc -> 
  custom:container-muxer-webm: aa71ff27fc2769a1b78a27578f13a17b -> 
  custom:container-demuxer-webm: 4f35f7cbe854078d1ac9338744f61a02 -> 
  custom:container-demuxer-ogg: 62fdf1f143b41e24485cea50d1cbac27 -> 
  custom:video-encoder-webm-vp8: eb34c28f22e8b96e1ab97ce403110664 -> 
  custom:video-decoder-webm-vp8: 9c59270c3fd7afecdb556c50c9e8de78 -> 
  custom:audio-decoder-ogg-vorbis: bf7c407c2cedff20999df2af8eb42d56 -> 
  custom:audio-encoder-webm-vorbis: bf7c407c2cedff20999df2af8eb42d56 -> 
========================================================================
Received Prepare
Registering precompiled user dll's ...
Registered in 0.008349 seconds.
Begin MonoManager ReloadAssembly
Native extension for WindowsStandalone target not found
Refreshing native plugins compatible for Editor in 1.02 ms, found 2 plugins.
Preloading 0 native plugins for Editor in 0.00 ms.
Mono: successfully reloaded assembly
- Completed reload, in  1.384 seconds
Platform modules already initialized, skipping
Refreshing native plugins compatible for Editor in 0.68 ms, found 2 plugins.
Preloading 0 native plugins for Editor in 0.00 ms.
Unloading 1843 Unused Serialized files (Serialized files now loaded: 0)
System memory in use before: 118.5 MB.
System memory in use after: 118.6 MB.

Unloading 28 unused Assets to reduce memory usage. Loaded Objects now: 2410.
Total: 2.681400 ms (FindLiveObjects: 0.208200 ms CreateObjectMapping: 0.098800 ms MarkObjects: 2.251700 ms  DeleteObjects: 0.121300 ms)

AssetImportParameters requested are different than current active one (requested -> active):
  custom:framework-win-MediaFoundation: 216162199b28c13a410421893ffa2e32 -> 
  custom:video-decoder-ogg-theora: a1e56fd34408186e4bbccfd4996cb3dc -> 
  custom:container-muxer-webm: aa71ff27fc2769a1b78a27578f13a17b -> 
  custom:container-demuxer-webm: 4f35f7cbe854078d1ac9338744f61a02 -> 
  custom:container-demuxer-ogg: 62fdf1f143b41e24485cea50d1cbac27 -> 
  custom:video-encoder-webm-vp8: eb34c28f22e8b96e1ab97ce403110664 -> 
  custom:video-decoder-webm-vp8: 9c59270c3fd7afecdb556c50c9e8de78 -> 
  custom:audio-decoder-ogg-vorbis: bf7c407c2cedff20999df2af8eb42d56 -> 
  custom:audio-encoder-webm-vorbis: bf7c407c2cedff20999df2af8eb42d56 -> 
========================================================================
Received Prepare
Registering precompiled user dll's ...
Registered in 0.011376 seconds.
Begin MonoManager ReloadAssembly
Native extension for WindowsStandalone target not found
Refreshing native plugins compatible for Editor in 1.09 ms, found 2 plugins.
Preloading 0 native plugins for Editor in 0.00 ms.
Mono: successfully reloaded assembly
- Completed reload, in  1.948 seconds
Platform modules already initialized, skipping
Refreshing native plugins compatible for Editor in 1.21 ms, found 2 plugins.
Preloading 0 native plugins for Editor in 0.00 ms.
Unloading 1843 Unused Serialized files (Serialized files now loaded: 0)
System memory in use before: 118.5 MB.
System memory in use after: 118.6 MB.

Unloading 28 unused Assets to reduce memory usage. Loaded Objects now: 2413.
Total: 2.350700 ms (FindLiveObjects: 0.205100 ms CreateObjectMapping: 0.082100 ms MarkObjects: 1.940400 ms  DeleteObjects: 0.121700 ms)

AssetImportParameters requested are different than current active one (requested -> active):
  custom:framework-win-MediaFoundation: 216162199b28c13a410421893ffa2e32 -> 
  custom:video-decoder-ogg-theora: a1e56fd34408186e4bbccfd4996cb3dc -> 
  custom:container-muxer-webm: aa71ff27fc2769a1b78a27578f13a17b -> 
  custom:container-demuxer-webm: 4f35f7cbe854078d1ac9338744f61a02 -> 
  custom:container-demuxer-ogg: 62fdf1f143b41e24485cea50d1cbac27 -> 
  custom:video-encoder-webm-vp8: eb34c28f22e8b96e1ab97ce403110664 -> 
  custom:video-decoder-webm-vp8: 9c59270c3fd7afecdb556c50c9e8de78 -> 
  custom:audio-decoder-ogg-vorbis: bf7c407c2cedff20999df2af8eb42d56 -> 
  custom:audio-encoder-webm-vorbis: bf7c407c2cedff20999df2af8eb42d56 -> 
========================================================================
Received Prepare
Registering precompiled user dll's ...
Registered in 0.007769 seconds.
Begin MonoManager ReloadAssembly
Native extension for WindowsStandalone target not found
Refreshing native plugins compatible for Editor in 1.08 ms, found 2 plugins.
Preloading 0 native plugins for Editor in 0.00 ms.
Mono: successfully reloaded assembly
- Completed reload, in  1.459 seconds
Platform modules already initialized, skipping
Refreshing native plugins compatible for Editor in 0.67 ms, found 2 plugins.
Preloading 0 native plugins for Editor in 0.00 ms.
Unloading 1843 Unused Serialized files (Serialized files now loaded: 0)
System memory in use before: 118.5 MB.
System memory in use after: 118.6 MB.

Unloading 28 unused Assets to reduce memory usage. Loaded Objects now: 2416.
Total: 2.865900 ms (FindLiveObjects: 0.203500 ms CreateObjectMapping: 0.097500 ms MarkObjects: 2.330300 ms  DeleteObjects: 0.232600 ms)

AssetImportParameters requested are different than current active one (requested -> active):
  custom:framework-win-MediaFoundation: 216162199b28c13a410421893ffa2e32 -> 
  custom:video-decoder-ogg-theora: a1e56fd34408186e4bbccfd4996cb3dc -> 
  custom:container-muxer-webm: aa71ff27fc2769a1b78a27578f13a17b -> 
  custom:container-demuxer-webm: 4f35f7cbe854078d1ac9338744f61a02 -> 
  custom:container-demuxer-ogg: 62fdf1f143b41e24485cea50d1cbac27 -> 
  custom:video-encoder-webm-vp8: eb34c28f22e8b96e1ab97ce403110664 -> 
  custom:video-decoder-webm-vp8: 9c59270c3fd7afecdb556c50c9e8de78 -> 
  custom:audio-decoder-ogg-vorbis: bf7c407c2cedff20999df2af8eb42d56 -> 
  custom:audio-encoder-webm-vorbis: bf7c407c2cedff20999df2af8eb42d56 -> 
========================================================================
Received Prepare
Registering precompiled user dll's ...
Registered in 0.010626 seconds.
Begin MonoManager ReloadAssembly
Native extension for WindowsStandalone target not found
Refreshing native plugins compatible for Editor in 1.33 ms, found 2 plugins.
Preloading 0 native plugins for Editor in 0.00 ms.
Mono: successfully reloaded assembly
- Completed reload, in  1.755 seconds
Platform modules already initialized, skipping
Refreshing native plugins compatible for Editor in 1.24 ms, found 2 plugins.
Preloading 0 native plugins for Editor in 0.00 ms.
Unloading 1843 Unused Serialized files (Serialized files now loaded: 0)
System memory in use before: 118.5 MB.
System memory in use after: 118.6 MB.

Unloading 28 unused Assets to reduce memory usage. Loaded Objects now: 2419.
Total: 3.438400 ms (FindLiveObjects: 0.315000 ms CreateObjectMapping: 0.145500 ms MarkObjects: 2.841900 ms  DeleteObjects: 0.134400 ms)

AssetImportParameters requested are different than current active one (requested -> active):
  custom:framework-win-MediaFoundation: 216162199b28c13a410421893ffa2e32 -> 
  custom:video-decoder-ogg-theora: a1e56fd34408186e4bbccfd4996cb3dc -> 
  custom:container-muxer-webm: aa71ff27fc2769a1b78a27578f13a17b -> 
  custom:container-demuxer-webm: 4f35f7cbe854078d1ac9338744f61a02 -> 
  custom:container-demuxer-ogg: 62fdf1f143b41e24485cea50d1cbac27 -> 
  custom:video-encoder-webm-vp8: eb34c28f22e8b96e1ab97ce403110664 -> 
  custom:video-decoder-webm-vp8: 9c59270c3fd7afecdb556c50c9e8de78 -> 
  custom:audio-decoder-ogg-vorbis: bf7c407c2cedff20999df2af8eb42d56 -> 
  custom:audio-encoder-webm-vorbis: bf7c407c2cedff20999df2af8eb42d56 -> 
========================================================================
Received Prepare
Registering precompiled user dll's ...
Registered in 0.008590 seconds.
Begin MonoManager ReloadAssembly
Native extension for WindowsStandalone target not found
Refreshing native plugins compatible for Editor in 0.73 ms, found 2 plugins.
Preloading 0 native plugins for Editor in 0.00 ms.
Mono: successfully reloaded assembly
- Completed reload, in  1.736 seconds
Platform modules already initialized, skipping
Refreshing native plugins compatible for Editor in 0.82 ms, found 2 plugins.
Preloading 0 native plugins for Editor in 0.00 ms.
Unloading 1843 Unused Serialized files (Serialized files now loaded: 0)
System memory in use before: 118.5 MB.
System memory in use after: 118.6 MB.

Unloading 28 unused Assets to reduce memory usage. Loaded Objects now: 2422.
Total: 4.296400 ms (FindLiveObjects: 0.313100 ms CreateObjectMapping: 0.259100 ms MarkObjects: 3.541600 ms  DeleteObjects: 0.180700 ms)

AssetImportParameters requested are different than current active one (requested -> active):
  custom:framework-win-MediaFoundation: 216162199b28c13a410421893ffa2e32 -> 
  custom:video-decoder-ogg-theora: a1e56fd34408186e4bbccfd4996cb3dc -> 
  custom:container-muxer-webm: aa71ff27fc2769a1b78a27578f13a17b -> 
  custom:container-demuxer-webm: 4f35f7cbe854078d1ac9338744f61a02 -> 
  custom:container-demuxer-ogg: 62fdf1f143b41e24485cea50d1cbac27 -> 
  custom:video-encoder-webm-vp8: eb34c28f22e8b96e1ab97ce403110664 -> 
  custom:video-decoder-webm-vp8: 9c59270c3fd7afecdb556c50c9e8de78 -> 
  custom:audio-decoder-ogg-vorbis: bf7c407c2cedff20999df2af8eb42d56 -> 
  custom:audio-encoder-webm-vorbis: bf7c407c2cedff20999df2af8eb42d56 -> 
========================================================================
Received Prepare
Registering precompiled user dll's ...
Registered in 0.006710 seconds.
Begin MonoManager ReloadAssembly
Native extension for WindowsStandalone target not found
Refreshing native plugins compatible for Editor in 1.18 ms, found 2 plugins.
Preloading 0 native plugins for Editor in 0.00 ms.
Mono: successfully reloaded assembly
- Completed reload, in  1.845 seconds
Platform modules already initialized, skipping
Refreshing native plugins compatible for Editor in 1.21 ms, found 2 plugins.
Preloading 0 native plugins for Editor in 0.00 ms.
Unloading 1843 Unused Serialized files (Serialized files now loaded: 0)
System memory in use before: 118.5 MB.
System memory in use after: 118.6 MB.

Unloading 28 unused Assets to reduce memory usage. Loaded Objects now: 2425.
Total: 2.533700 ms (FindLiveObjects: 0.275200 ms CreateObjectMapping: 0.097800 ms MarkObjects: 2.025600 ms  DeleteObjects: 0.133800 ms)

AssetImportParameters requested are different than current active one (requested -> active):
  custom:framework-win-MediaFoundation: 216162199b28c13a410421893ffa2e32 -> 
  custom:video-decoder-ogg-theora: a1e56fd34408186e4bbccfd4996cb3dc -> 
  custom:container-muxer-webm: aa71ff27fc2769a1b78a27578f13a17b -> 
  custom:container-demuxer-webm: 4f35f7cbe854078d1ac9338744f61a02 -> 
  custom:container-demuxer-ogg: 62fdf1f143b41e24485cea50d1cbac27 -> 
  custom:video-encoder-webm-vp8: eb34c28f22e8b96e1ab97ce403110664 -> 
  custom:video-decoder-webm-vp8: 9c59270c3fd7afecdb556c50c9e8de78 -> 
  custom:audio-decoder-ogg-vorbis: bf7c407c2cedff20999df2af8eb42d56 -> 
  custom:audio-encoder-webm-vorbis: bf7c407c2cedff20999df2af8eb42d56 -> 
========================================================================
Received Prepare
Registering precompiled user dll's ...
Registered in 0.009070 seconds.
Begin MonoManager ReloadAssembly
Native extension for WindowsStandalone target not found
Refreshing native plugins compatible for Editor in 0.66 ms, found 2 plugins.
Preloading 0 native plugins for Editor in 0.00 ms.
Mono: successfully reloaded assembly
- Completed reload, in  1.421 seconds
Platform modules already initialized, skipping
Refreshing native plugins compatible for Editor in 0.68 ms, found 2 plugins.
Preloading 0 native plugins for Editor in 0.00 ms.
Unloading 1843 Unused Serialized files (Serialized files now loaded: 0)
System memory in use before: 118.5 MB.
System memory in use after: 118.6 MB.

Unloading 28 unused Assets to reduce memory usage. Loaded Objects now: 2428.
Total: 2.658300 ms (FindLiveObjects: 0.213300 ms CreateObjectMapping: 0.083800 ms MarkObjects: 2.234400 ms  DeleteObjects: 0.125700 ms)

AssetImportParameters requested are different than current active one (requested -> active):
  custom:framework-win-MediaFoundation: 216162199b28c13a410421893ffa2e32 -> 
  custom:video-decoder-ogg-theora: a1e56fd34408186e4bbccfd4996cb3dc -> 
  custom:container-muxer-webm: aa71ff27fc2769a1b78a27578f13a17b -> 
  custom:container-demuxer-webm: 4f35f7cbe854078d1ac9338744f61a02 -> 
  custom:container-demuxer-ogg: 62fdf1f143b41e24485cea50d1cbac27 -> 
  custom:video-encoder-webm-vp8: eb34c28f22e8b96e1ab97ce403110664 -> 
  custom:video-decoder-webm-vp8: 9c59270c3fd7afecdb556c50c9e8de78 -> 
  custom:audio-decoder-ogg-vorbis: bf7c407c2cedff20999df2af8eb42d56 -> 
  custom:audio-encoder-webm-vorbis: bf7c407c2cedff20999df2af8eb42d56 -> 
========================================================================
Received Prepare
Registering precompiled user dll's ...
Registered in 0.009104 seconds.
Begin MonoManager ReloadAssembly
Native extension for WindowsStandalone target not found
Refreshing native plugins compatible for Editor in 1.33 ms, found 2 plugins.
Preloading 0 native plugins for Editor in 0.00 ms.
Mono: successfully reloaded assembly
- Completed reload, in  2.519 seconds
Platform modules already initialized, skipping
Refreshing native plugins compatible for Editor in 1.07 ms, found 2 plugins.
Preloading 0 native plugins for Editor in 0.00 ms.
Unloading 1843 Unused Serialized files (Serialized files now loaded: 0)
System memory in use before: 118.5 MB.
System memory in use after: 118.6 MB.

Unloading 28 unused Assets to reduce memory usage. Loaded Objects now: 2431.
Total: 3.791400 ms (FindLiveObjects: 0.347800 ms CreateObjectMapping: 0.134200 ms MarkObjects: 3.157300 ms  DeleteObjects: 0.150300 ms)

AssetImportParameters requested are different than current active one (requested -> active):
  custom:framework-win-MediaFoundation: 216162199b28c13a410421893ffa2e32 -> 
  custom:video-decoder-ogg-theora: a1e56fd34408186e4bbccfd4996cb3dc -> 
  custom:container-muxer-webm: aa71ff27fc2769a1b78a27578f13a17b -> 
  custom:container-demuxer-webm: 4f35f7cbe854078d1ac9338744f61a02 -> 
  custom:container-demuxer-ogg: 62fdf1f143b41e24485cea50d1cbac27 -> 
  custom:video-encoder-webm-vp8: eb34c28f22e8b96e1ab97ce403110664 -> 
  custom:video-decoder-webm-vp8: 9c59270c3fd7afecdb556c50c9e8de78 -> 
  custom:audio-decoder-ogg-vorbis: bf7c407c2cedff20999df2af8eb42d56 -> 
  custom:audio-encoder-webm-vorbis: bf7c407c2cedff20999df2af8eb42d56 -> 
========================================================================
Received Prepare
Registering precompiled user dll's ...
Registered in 0.010733 seconds.
Begin MonoManager ReloadAssembly
Native extension for WindowsStandalone target not found
Refreshing native plugins compatible for Editor in 0.68 ms, found 2 plugins.
Preloading 0 native plugins for Editor in 0.00 ms.
Mono: successfully reloaded assembly
- Completed reload, in  1.674 seconds
Platform modules already initialized, skipping
Refreshing native plugins compatible for Editor in 1.05 ms, found 2 plugins.
Preloading 0 native plugins for Editor in 0.00 ms.
Unloading 1843 Unused Serialized files (Serialized files now loaded: 0)
System memory in use before: 118.5 MB.
System memory in use after: 118.6 MB.

Unloading 28 unused Assets to reduce memory usage. Loaded Objects now: 2434.
Total: 2.674100 ms (FindLiveObjects: 0.327600 ms CreateObjectMapping: 0.141500 ms MarkObjects: 2.074700 ms  DeleteObjects: 0.128900 ms)

AssetImportParameters requested are different than current active one (requested -> active):
  custom:framework-win-MediaFoundation: 216162199b28c13a410421893ffa2e32 -> 
  custom:video-decoder-ogg-theora: a1e56fd34408186e4bbccfd4996cb3dc -> 
  custom:container-muxer-webm: aa71ff27fc2769a1b78a27578f13a17b -> 
  custom:container-demuxer-webm: 4f35f7cbe854078d1ac9338744f61a02 -> 
  custom:container-demuxer-ogg: 62fdf1f143b41e24485cea50d1cbac27 -> 
  custom:video-encoder-webm-vp8: eb34c28f22e8b96e1ab97ce403110664 -> 
  custom:video-decoder-webm-vp8: 9c59270c3fd7afecdb556c50c9e8de78 -> 
  custom:audio-decoder-ogg-vorbis: bf7c407c2cedff20999df2af8eb42d56 -> 
  custom:audio-encoder-webm-vorbis: bf7c407c2cedff20999df2af8eb42d56 -> 
========================================================================
Received Prepare
Registering precompiled user dll's ...
Registered in 0.009001 seconds.
Begin MonoManager ReloadAssembly
Native extension for WindowsStandalone target not found
Refreshing native plugins compatible for Editor in 0.68 ms, found 2 plugins.
Preloading 0 native plugins for Editor in 0.00 ms.
Mono: successfully reloaded assembly
- Completed reload, in  1.661 seconds
Platform modules already initialized, skipping
Refreshing native plugins compatible for Editor in 0.71 ms, found 2 plugins.
Preloading 0 native plugins for Editor in 0.00 ms.
Unloading 1843 Unused Serialized files (Serialized files now loaded: 0)
System memory in use before: 118.5 MB.
System memory in use after: 118.6 MB.

Unloading 28 unused Assets to reduce memory usage. Loaded Objects now: 2437.
Total: 3.994300 ms (FindLiveObjects: 0.620700 ms CreateObjectMapping: 0.145800 ms MarkObjects: 3.054100 ms  DeleteObjects: 0.171800 ms)

AssetImportParameters requested are different than current active one (requested -> active):
  custom:framework-win-MediaFoundation: 216162199b28c13a410421893ffa2e32 -> 
  custom:video-decoder-ogg-theora: a1e56fd34408186e4bbccfd4996cb3dc -> 
  custom:container-muxer-webm: aa71ff27fc2769a1b78a27578f13a17b -> 
  custom:container-demuxer-webm: 4f35f7cbe854078d1ac9338744f61a02 -> 
  custom:container-demuxer-ogg: 62fdf1f143b41e24485cea50d1cbac27 -> 
  custom:video-encoder-webm-vp8: eb34c28f22e8b96e1ab97ce403110664 -> 
  custom:video-decoder-webm-vp8: 9c59270c3fd7afecdb556c50c9e8de78 -> 
  custom:audio-decoder-ogg-vorbis: bf7c407c2cedff20999df2af8eb42d56 -> 
  custom:audio-encoder-webm-vorbis: bf7c407c2cedff20999df2af8eb42d56 -> 
AssetImportWorkerClient::OnTransportError - code=2 error=End of file
